<?xml version="1.0" encoding="utf-8" standalone="no"?>
<test-results xmlns:xsi="http://www.w3.org/2001/XMLSchema-instance" xsi:noNamespaceSchemaLocation="nunit_schema_2.5.xsd" name="Pester" total="35" errors="0" failures="0" not-run="0" inconclusive="0" ignored="0" skipped="0" invalid="0" date="2022-12-10" time="00:46:27">
  <environment clr-version="4.0.30319.42000" user-domain="fv-az479-558" cwd="D:\a\image-customise\image-customise" platform="Microsoft Windows Server 2022 Datacenter|C:\Windows|\Device\Harddisk0\Partition2" machine-name="fv-az479-558" nunit-version="2.5.8.0" os-version="10.0.20348" user="runneradmin" />
  <culture-info current-culture="en-US" current-uiculture="en-US" />
  <test-suite type="TestFixture" name="Pester" executed="True" result="Success" success="True" time="105.027" asserts="0" description="Pester">
    <results>
      <test-suite type="TestFixture" name="D:\a\image-customise\image-customise\tests\Main.Tests.ps1" executed="True" result="Success" success="True" time="105.027" asserts="0" description="D:\a\image-customise\image-customise\tests\Main.Tests.ps1">
        <results>
          <test-suite type="TestFixture" name="General project validation" executed="True" result="Success" success="True" time="2.6791" asserts="0" description="General project validation">
            <results>
              <test-suite type="TestFixture" name="General project validation.Project should validate OK" executed="True" result="Success" success="True" time="2.4672" asserts="0" description="General project validation.Project should validate OK">
                <results>
                  <test-suite type="ParameterizedTest" name="General project validation.Project should validate OK.Script &lt;file.Name&gt; should exist" executed="True" result="Success" success="True" time="1.363" asserts="0" description="Script &lt;file.Name&gt; should exist">
                    <results>
                      <test-case description="Script Install-Defaults.ps1 should exist" name="General project validation.Project should validate OK.Script Install-Defaults.ps1 should exist" time="1.3364" asserts="0" success="True" result="Success" executed="True" />
                      <test-case description="Script Install-Defaults.psm1 should exist" name="General project validation.Project should validate OK.Script Install-Defaults.psm1 should exist" time="0.0075" asserts="0" success="True" result="Success" executed="True" />
                      <test-case description="Script Remove-AppxApps.ps1 should exist" name="General project validation.Project should validate OK.Script Remove-AppxApps.ps1 should exist" time="0.0117" asserts="0" success="True" result="Success" executed="True" />
                      <test-case description="Script Remove-Defaults.ps1 should exist" name="General project validation.Project should validate OK.Script Remove-Defaults.ps1 should exist" time="0.0074" asserts="0" success="True" result="Success" executed="True" />
                    </results>
                  </test-suite>
                  <test-suite type="ParameterizedTest" name="General project validation.Project should validate OK.Script &lt;file.Name&gt; should be valid PowerShell" executed="True" result="Success" success="True" time="0.434" asserts="0" description="Script &lt;file.Name&gt; should be valid PowerShell">
                    <results>
                      <test-case description="Script Install-Defaults.ps1 should be valid PowerShell" name="General project validation.Project should validate OK.Script Install-Defaults.ps1 should be valid PowerShell" time="0.3912" asserts="0" success="True" result="Success" executed="True" />
                      <test-case description="Script Install-Defaults.psm1 should be valid PowerShell" name="General project validation.Project should validate OK.Script Install-Defaults.psm1 should be valid PowerShell" time="0.0185" asserts="0" success="True" result="Success" executed="True" />
                      <test-case description="Script Remove-AppxApps.ps1 should be valid PowerShell" name="General project validation.Project should validate OK.Script Remove-AppxApps.ps1 should be valid PowerShell" time="0.0121" asserts="0" success="True" result="Success" executed="True" />
                      <test-case description="Script Remove-Defaults.ps1 should be valid PowerShell" name="General project validation.Project should validate OK.Script Remove-Defaults.ps1 should be valid PowerShell" time="0.0123" asserts="0" success="True" result="Success" executed="True" />
                    </results>
                  </test-suite>
                </results>
              </test-suite>
            </results>
          </test-suite>
          <test-suite type="TestFixture" name="General project validation" executed="True" result="Success" success="True" time="2.8037" asserts="0" description="General project validation">
            <results>
              <test-suite type="TestFixture" name="General project validation.Project should validate OK" executed="True" result="Success" success="True" time="0.1153" asserts="0" description="General project validation.Project should validate OK">
                <results>
                  <test-suite type="ParameterizedTest" name="General project validation.Project should validate OK.Script &lt;file.Name&gt; should exist" executed="True" result="Success" success="True" time="0.0325" asserts="0" description="Script &lt;file.Name&gt; should exist">
                    <results>
                      <test-case description="Script Install-Defaults.ps1 should exist" name="General project validation.Project should validate OK.Script Install-Defaults.ps1 should exist" time="0.0066" asserts="0" success="True" result="Success" executed="True" />
                      <test-case description="Script Install-Defaults.psm1 should exist" name="General project validation.Project should validate OK.Script Install-Defaults.psm1 should exist" time="0.0085" asserts="0" success="True" result="Success" executed="True" />
                      <test-case description="Script Remove-AppxApps.ps1 should exist" name="General project validation.Project should validate OK.Script Remove-AppxApps.ps1 should exist" time="0.0073" asserts="0" success="True" result="Success" executed="True" />
                      <test-case description="Script Remove-Defaults.ps1 should exist" name="General project validation.Project should validate OK.Script Remove-Defaults.ps1 should exist" time="0.0102" asserts="0" success="True" result="Success" executed="True" />
                    </results>
                  </test-suite>
                  <test-suite type="ParameterizedTest" name="General project validation.Project should validate OK.Script &lt;file.Name&gt; should be valid PowerShell" executed="True" result="Success" success="True" time="0.057" asserts="0" description="Script &lt;file.Name&gt; should be valid PowerShell">
                    <results>
                      <test-case description="Script Install-Defaults.ps1 should be valid PowerShell" name="General project validation.Project should validate OK.Script Install-Defaults.ps1 should be valid PowerShell" time="0.0188" asserts="0" success="True" result="Success" executed="True" />
                      <test-case description="Script Install-Defaults.psm1 should be valid PowerShell" name="General project validation.Project should validate OK.Script Install-Defaults.psm1 should be valid PowerShell" time="0.0168" asserts="0" success="True" result="Success" executed="True" />
                      <test-case description="Script Remove-AppxApps.ps1 should be valid PowerShell" name="General project validation.Project should validate OK.Script Remove-AppxApps.ps1 should be valid PowerShell" time="0.0118" asserts="0" success="True" result="Success" executed="True" />
                      <test-case description="Script Remove-Defaults.ps1 should be valid PowerShell" name="General project validation.Project should validate OK.Script Remove-Defaults.ps1 should be valid PowerShell" time="0.0097" asserts="0" success="True" result="Success" executed="True" />
                    </results>
                  </test-suite>
                </results>
              </test-suite>
            </results>
          </test-suite>
          <test-suite type="TestFixture" name="General project validation" executed="True" result="Success" success="True" time="3.0643" asserts="0" description="General project validation">
            <results>
              <test-suite type="TestFixture" name="General project validation.Project should validate OK" executed="True" result="Success" success="True" time="0.2486" asserts="0" description="General project validation.Project should validate OK">
                <results>
                  <test-suite type="ParameterizedTest" name="General project validation.Project should validate OK.Script &lt;file.Name&gt; should exist" executed="True" result="Success" success="True" time="0.0256" asserts="0" description="Script &lt;file.Name&gt; should exist">
                    <results>
                      <test-case description="Script Install-Defaults.ps1 should exist" name="General project validation.Project should validate OK.Script Install-Defaults.ps1 should exist" time="0.007" asserts="0" success="True" result="Success" executed="True" />
                      <test-case description="Script Install-Defaults.psm1 should exist" name="General project validation.Project should validate OK.Script Install-Defaults.psm1 should exist" time="0.0062" asserts="0" success="True" result="Success" executed="True" />
                      <test-case description="Script Remove-AppxApps.ps1 should exist" name="General project validation.Project should validate OK.Script Remove-AppxApps.ps1 should exist" time="0.006" asserts="0" success="True" result="Success" executed="True" />
                      <test-case description="Script Remove-Defaults.ps1 should exist" name="General project validation.Project should validate OK.Script Remove-Defaults.ps1 should exist" time="0.0064" asserts="0" success="True" result="Success" executed="True" />
                    </results>
                  </test-suite>
                  <test-suite type="ParameterizedTest" name="General project validation.Project should validate OK.Script &lt;file.Name&gt; should be valid PowerShell" executed="True" result="Success" success="True" time="0.1879" asserts="0" description="Script &lt;file.Name&gt; should be valid PowerShell">
                    <results>
                      <test-case description="Script Install-Defaults.ps1 should be valid PowerShell" name="General project validation.Project should validate OK.Script Install-Defaults.ps1 should be valid PowerShell" time="0.0118" asserts="0" success="True" result="Success" executed="True" />
                      <test-case description="Script Install-Defaults.psm1 should be valid PowerShell" name="General project validation.Project should validate OK.Script Install-Defaults.psm1 should be valid PowerShell" time="0.0157" asserts="0" success="True" result="Success" executed="True" />
                      <test-case description="Script Remove-AppxApps.ps1 should be valid PowerShell" name="General project validation.Project should validate OK.Script Remove-AppxApps.ps1 should be valid PowerShell" time="0.1524" asserts="0" success="True" result="Success" executed="True" />
                      <test-case description="Script Remove-Defaults.ps1 should be valid PowerShell" name="General project validation.Project should validate OK.Script Remove-Defaults.ps1 should be valid PowerShell" time="0.0078" asserts="0" success="True" result="Success" executed="True" />
                    </results>
                  </test-suite>
                </results>
              </test-suite>
            </results>
          </test-suite>
          <test-suite type="TestFixture" name="General project validation" executed="True" result="Success" success="True" time="3.1687" asserts="0" description="General project validation">
            <results>
              <test-suite type="TestFixture" name="General project validation.Project should validate OK" executed="True" result="Success" success="True" time="0.0941" asserts="0" description="General project validation.Project should validate OK">
                <results>
                  <test-suite type="ParameterizedTest" name="General project validation.Project should validate OK.Script &lt;file.Name&gt; should exist" executed="True" result="Success" success="True" time="0.025" asserts="0" description="Script &lt;file.Name&gt; should exist">
                    <results>
                      <test-case description="Script Install-Defaults.ps1 should exist" name="General project validation.Project should validate OK.Script Install-Defaults.ps1 should exist" time="0.0069" asserts="0" success="True" result="Success" executed="True" />
                      <test-case description="Script Install-Defaults.psm1 should exist" name="General project validation.Project should validate OK.Script Install-Defaults.psm1 should exist" time="0.0064" asserts="0" success="True" result="Success" executed="True" />
                      <test-case description="Script Remove-AppxApps.ps1 should exist" name="General project validation.Project should validate OK.Script Remove-AppxApps.ps1 should exist" time="0.0058" asserts="0" success="True" result="Success" executed="True" />
                      <test-case description="Script Remove-Defaults.ps1 should exist" name="General project validation.Project should validate OK.Script Remove-Defaults.ps1 should exist" time="0.0059" asserts="0" success="True" result="Success" executed="True" />
                    </results>
                  </test-suite>
                  <test-suite type="ParameterizedTest" name="General project validation.Project should validate OK.Script &lt;file.Name&gt; should be valid PowerShell" executed="True" result="Success" success="True" time="0.0582" asserts="0" description="Script &lt;file.Name&gt; should be valid PowerShell">
                    <results>
                      <test-case description="Script Install-Defaults.ps1 should be valid PowerShell" name="General project validation.Project should validate OK.Script Install-Defaults.ps1 should be valid PowerShell" time="0.0167" asserts="0" success="True" result="Success" executed="True" />
                      <test-case description="Script Install-Defaults.psm1 should be valid PowerShell" name="General project validation.Project should validate OK.Script Install-Defaults.psm1 should be valid PowerShell" time="0.019" asserts="0" success="True" result="Success" executed="True" />
                      <test-case description="Script Remove-AppxApps.ps1 should be valid PowerShell" name="General project validation.Project should validate OK.Script Remove-AppxApps.ps1 should be valid PowerShell" time="0.0139" asserts="0" success="True" result="Success" executed="True" />
                      <test-case description="Script Remove-Defaults.ps1 should be valid PowerShell" name="General project validation.Project should validate OK.Script Remove-Defaults.ps1 should be valid PowerShell" time="0.0086" asserts="0" success="True" result="Success" executed="True" />
                    </results>
                  </test-suite>
                </results>
              </test-suite>
            </results>
          </test-suite>
          <test-suite type="TestFixture" name="Validate module file" executed="True" result="Success" success="True" time="3.5377" asserts="0" description="Validate module file">
            <results>
              <test-suite type="TestFixture" name="Validate module file.Module should validate OK" executed="True" result="Success" success="True" time="0.3452" asserts="0" description="Validate module file.Module should validate OK">
                <results>
                  <test-case description="Should import OK" name="Validate module file.Module should validate OK.Should import OK" time="0.1648" asserts="0" success="True" result="Success" executed="True" />
                </results>
              </test-suite>
            </results>
          </test-suite>
          <test-suite type="TestFixture" name="Script execution validation" executed="True" result="Success" success="True" time="100.7926" asserts="0" description="Script execution validation">
            <results>
              <test-suite type="TestFixture" name="Script execution validation.Validate Install-Defaults.ps1." executed="True" result="Success" success="True" time="97.239" asserts="0" description="Script execution validation.Validate Install-Defaults.ps1.">
                <results>
                  <test-case description="Install-Defaults.ps1 should execute OK" name="Script execution validation.Validate Install-Defaults.ps1..Install-Defaults.ps1 should execute OK" time="97.2276" asserts="0" success="True" result="Success" executed="True" />
                </results>
              </test-suite>
            </results>
          </test-suite>
          <test-suite type="TestFixture" name="Feature update script copy works" executed="True" result="Success" success="True" time="100.8865" asserts="0" description="Feature update script copy works">
            <results>
              <test-suite type="TestFixture" name="Feature update script copy works.Target directory exists" executed="True" result="Success" success="True" time="0.0828" asserts="0" description="Feature update script copy works.Target directory exists">
                <results>
                  <test-case description="FeatureUpdates should exist" name="Feature update script copy works.Target directory exists.FeatureUpdates should exist" time="0.075" asserts="0" success="True" result="Success" executed="True" />
                </results>
              </test-suite>
            </results>
          </test-suite>
        </results>
      </test-suite>
    </results>
  </test-suite>
</test-results>