<?xml version="1.0" encoding="utf-8" standalone="no"?>
<test-results xmlns:xsi="http://www.w3.org/2001/XMLSchema-instance" xsi:noNamespaceSchemaLocation="nunit_schema_2.5.xsd" name="Pester" total="37" errors="0" failures="0" not-run="0" inconclusive="0" ignored="0" skipped="0" invalid="0" date="2023-01-03" time="06:09:38">
  <environment clr-version="4.0.30319.42000" user-domain="fv-az417-648" cwd="D:\a\image-customise\image-customise" platform="Microsoft Windows Server 2022 Datacenter|C:\Windows|\Device\Harddisk0\Partition2" machine-name="fv-az417-648" nunit-version="2.5.8.0" os-version="10.0.20348" user="runneradmin" />
  <culture-info current-culture="en-US" current-uiculture="en-US" />
  <test-suite type="TestFixture" name="Pester" executed="True" result="Success" success="True" time="86.1236" asserts="0" description="Pester">
    <results>
      <test-suite type="TestFixture" name="D:\a\image-customise\image-customise\tests\Main.Tests.ps1" executed="True" result="Success" success="True" time="86.1236" asserts="0" description="D:\a\image-customise\image-customise\tests\Main.Tests.ps1">
        <results>
          <test-suite type="TestFixture" name="General project validation" executed="True" result="Success" success="True" time="1.3205" asserts="0" description="General project validation">
            <results>
              <test-suite type="TestFixture" name="General project validation.Project should validate OK" executed="True" result="Success" success="True" time="1.1958" asserts="0" description="General project validation.Project should validate OK">
                <results>
                  <test-suite type="ParameterizedTest" name="General project validation.Project should validate OK.Script &lt;file.Name&gt; should exist" executed="True" result="Success" success="True" time="0.6338" asserts="0" description="Script &lt;file.Name&gt; should exist">
                    <results>
                      <test-case description="Script Install-Defaults.ps1 should exist" name="General project validation.Project should validate OK.Script Install-Defaults.ps1 should exist" time="0.6143" asserts="0" success="True" result="Success" executed="True" />
                      <test-case description="Script Install-Defaults.psm1 should exist" name="General project validation.Project should validate OK.Script Install-Defaults.psm1 should exist" time="0.0069" asserts="0" success="True" result="Success" executed="True" />
                      <test-case description="Script Remove-AppxApps.ps1 should exist" name="General project validation.Project should validate OK.Script Remove-AppxApps.ps1 should exist" time="0.0063" asserts="0" success="True" result="Success" executed="True" />
                      <test-case description="Script Remove-Defaults.ps1 should exist" name="General project validation.Project should validate OK.Script Remove-Defaults.ps1 should exist" time="0.0063" asserts="0" success="True" result="Success" executed="True" />
                    </results>
                  </test-suite>
                  <test-suite type="ParameterizedTest" name="General project validation.Project should validate OK.Script &lt;file.Name&gt; should be valid PowerShell" executed="True" result="Success" success="True" time="0.2242" asserts="0" description="Script &lt;file.Name&gt; should be valid PowerShell">
                    <results>
                      <test-case description="Script Install-Defaults.ps1 should be valid PowerShell" name="General project validation.Project should validate OK.Script Install-Defaults.ps1 should be valid PowerShell" time="0.1889" asserts="0" success="True" result="Success" executed="True" />
                      <test-case description="Script Install-Defaults.psm1 should be valid PowerShell" name="General project validation.Project should validate OK.Script Install-Defaults.psm1 should be valid PowerShell" time="0.0142" asserts="0" success="True" result="Success" executed="True" />
                      <test-case description="Script Remove-AppxApps.ps1 should be valid PowerShell" name="General project validation.Project should validate OK.Script Remove-AppxApps.ps1 should be valid PowerShell" time="0.0103" asserts="0" success="True" result="Success" executed="True" />
                      <test-case description="Script Remove-Defaults.ps1 should be valid PowerShell" name="General project validation.Project should validate OK.Script Remove-Defaults.ps1 should be valid PowerShell" time="0.0107" asserts="0" success="True" result="Success" executed="True" />
                    </results>
                  </test-suite>
                </results>
              </test-suite>
            </results>
          </test-suite>
          <test-suite type="TestFixture" name="General project validation" executed="True" result="Success" success="True" time="1.4866" asserts="0" description="General project validation">
            <results>
              <test-suite type="TestFixture" name="General project validation.Project should validate OK" executed="True" result="Success" success="True" time="0.0714" asserts="0" description="General project validation.Project should validate OK">
                <results>
                  <test-suite type="ParameterizedTest" name="General project validation.Project should validate OK.Script &lt;file.Name&gt; should exist" executed="True" result="Success" success="True" time="0.0257" asserts="0" description="Script &lt;file.Name&gt; should exist">
                    <results>
                      <test-case description="Script Install-Defaults.ps1 should exist" name="General project validation.Project should validate OK.Script Install-Defaults.ps1 should exist" time="0.0064" asserts="0" success="True" result="Success" executed="True" />
                      <test-case description="Script Install-Defaults.psm1 should exist" name="General project validation.Project should validate OK.Script Install-Defaults.psm1 should exist" time="0.0061" asserts="0" success="True" result="Success" executed="True" />
                      <test-case description="Script Remove-AppxApps.ps1 should exist" name="General project validation.Project should validate OK.Script Remove-AppxApps.ps1 should exist" time="0.0061" asserts="0" success="True" result="Success" executed="True" />
                      <test-case description="Script Remove-Defaults.ps1 should exist" name="General project validation.Project should validate OK.Script Remove-Defaults.ps1 should exist" time="0.0072" asserts="0" success="True" result="Success" executed="True" />
                    </results>
                  </test-suite>
                  <test-suite type="ParameterizedTest" name="General project validation.Project should validate OK.Script &lt;file.Name&gt; should be valid PowerShell" executed="True" result="Success" success="True" time="0.0376" asserts="0" description="Script &lt;file.Name&gt; should be valid PowerShell">
                    <results>
                      <test-case description="Script Install-Defaults.ps1 should be valid PowerShell" name="General project validation.Project should validate OK.Script Install-Defaults.ps1 should be valid PowerShell" time="0.0092" asserts="0" success="True" result="Success" executed="True" />
                      <test-case description="Script Install-Defaults.psm1 should be valid PowerShell" name="General project validation.Project should validate OK.Script Install-Defaults.psm1 should be valid PowerShell" time="0.0118" asserts="0" success="True" result="Success" executed="True" />
                      <test-case description="Script Remove-AppxApps.ps1 should be valid PowerShell" name="General project validation.Project should validate OK.Script Remove-AppxApps.ps1 should be valid PowerShell" time="0.0092" asserts="0" success="True" result="Success" executed="True" />
                      <test-case description="Script Remove-Defaults.ps1 should be valid PowerShell" name="General project validation.Project should validate OK.Script Remove-Defaults.ps1 should be valid PowerShell" time="0.0074" asserts="0" success="True" result="Success" executed="True" />
                    </results>
                  </test-suite>
                </results>
              </test-suite>
            </results>
          </test-suite>
          <test-suite type="TestFixture" name="General project validation" executed="True" result="Success" success="True" time="1.6308" asserts="0" description="General project validation">
            <results>
              <test-suite type="TestFixture" name="General project validation.Project should validate OK" executed="True" result="Success" success="True" time="0.1374" asserts="0" description="General project validation.Project should validate OK">
                <results>
                  <test-suite type="ParameterizedTest" name="General project validation.Project should validate OK.Script &lt;file.Name&gt; should exist" executed="True" result="Success" success="True" time="0.0251" asserts="0" description="Script &lt;file.Name&gt; should exist">
                    <results>
                      <test-case description="Script Install-Defaults.ps1 should exist" name="General project validation.Project should validate OK.Script Install-Defaults.ps1 should exist" time="0.0066" asserts="0" success="True" result="Success" executed="True" />
                      <test-case description="Script Install-Defaults.psm1 should exist" name="General project validation.Project should validate OK.Script Install-Defaults.psm1 should exist" time="0.0062" asserts="0" success="True" result="Success" executed="True" />
                      <test-case description="Script Remove-AppxApps.ps1 should exist" name="General project validation.Project should validate OK.Script Remove-AppxApps.ps1 should exist" time="0.0064" asserts="0" success="True" result="Success" executed="True" />
                      <test-case description="Script Remove-Defaults.ps1 should exist" name="General project validation.Project should validate OK.Script Remove-Defaults.ps1 should exist" time="0.006" asserts="0" success="True" result="Success" executed="True" />
                    </results>
                  </test-suite>
                  <test-suite type="ParameterizedTest" name="General project validation.Project should validate OK.Script &lt;file.Name&gt; should be valid PowerShell" executed="True" result="Success" success="True" time="0.0574" asserts="0" description="Script &lt;file.Name&gt; should be valid PowerShell">
                    <results>
                      <test-case description="Script Install-Defaults.ps1 should be valid PowerShell" name="General project validation.Project should validate OK.Script Install-Defaults.ps1 should be valid PowerShell" time="0.0091" asserts="0" success="True" result="Success" executed="True" />
                      <test-case description="Script Install-Defaults.psm1 should be valid PowerShell" name="General project validation.Project should validate OK.Script Install-Defaults.psm1 should be valid PowerShell" time="0.0305" asserts="0" success="True" result="Success" executed="True" />
                      <test-case description="Script Remove-AppxApps.ps1 should be valid PowerShell" name="General project validation.Project should validate OK.Script Remove-AppxApps.ps1 should be valid PowerShell" time="0.0102" asserts="0" success="True" result="Success" executed="True" />
                      <test-case description="Script Remove-Defaults.ps1 should be valid PowerShell" name="General project validation.Project should validate OK.Script Remove-Defaults.ps1 should be valid PowerShell" time="0.0076" asserts="0" success="True" result="Success" executed="True" />
                    </results>
                  </test-suite>
                </results>
              </test-suite>
            </results>
          </test-suite>
          <test-suite type="TestFixture" name="General project validation" executed="True" result="Success" success="True" time="1.8068" asserts="0" description="General project validation">
            <results>
              <test-suite type="TestFixture" name="General project validation.Project should validate OK" executed="True" result="Success" success="True" time="0.1696" asserts="0" description="General project validation.Project should validate OK">
                <results>
                  <test-suite type="ParameterizedTest" name="General project validation.Project should validate OK.Script &lt;file.Name&gt; should exist" executed="True" result="Success" success="True" time="0.0239" asserts="0" description="Script &lt;file.Name&gt; should exist">
                    <results>
                      <test-case description="Script Install-Defaults.ps1 should exist" name="General project validation.Project should validate OK.Script Install-Defaults.ps1 should exist" time="0.0062" asserts="0" success="True" result="Success" executed="True" />
                      <test-case description="Script Install-Defaults.psm1 should exist" name="General project validation.Project should validate OK.Script Install-Defaults.psm1 should exist" time="0.0059" asserts="0" success="True" result="Success" executed="True" />
                      <test-case description="Script Remove-AppxApps.ps1 should exist" name="General project validation.Project should validate OK.Script Remove-AppxApps.ps1 should exist" time="0.0059" asserts="0" success="True" result="Success" executed="True" />
                      <test-case description="Script Remove-Defaults.ps1 should exist" name="General project validation.Project should validate OK.Script Remove-Defaults.ps1 should exist" time="0.006" asserts="0" success="True" result="Success" executed="True" />
                    </results>
                  </test-suite>
                  <test-suite type="ParameterizedTest" name="General project validation.Project should validate OK.Script &lt;file.Name&gt; should be valid PowerShell" executed="True" result="Success" success="True" time="0.1381" asserts="0" description="Script &lt;file.Name&gt; should be valid PowerShell">
                    <results>
                      <test-case description="Script Install-Defaults.ps1 should be valid PowerShell" name="General project validation.Project should validate OK.Script Install-Defaults.ps1 should be valid PowerShell" time="0.1047" asserts="0" success="True" result="Success" executed="True" />
                      <test-case description="Script Install-Defaults.psm1 should be valid PowerShell" name="General project validation.Project should validate OK.Script Install-Defaults.psm1 should be valid PowerShell" time="0.0127" asserts="0" success="True" result="Success" executed="True" />
                      <test-case description="Script Remove-AppxApps.ps1 should be valid PowerShell" name="General project validation.Project should validate OK.Script Remove-AppxApps.ps1 should be valid PowerShell" time="0.0126" asserts="0" success="True" result="Success" executed="True" />
                      <test-case description="Script Remove-Defaults.ps1 should be valid PowerShell" name="General project validation.Project should validate OK.Script Remove-Defaults.ps1 should be valid PowerShell" time="0.0081" asserts="0" success="True" result="Success" executed="True" />
                    </results>
                  </test-suite>
                </results>
              </test-suite>
            </results>
          </test-suite>
          <test-suite type="TestFixture" name="Validate module file" executed="True" result="Success" success="True" time="2.0286" asserts="0" description="Validate module file">
            <results>
              <test-suite type="TestFixture" name="Validate module file.Module should validate OK" executed="True" result="Success" success="True" time="0.2118" asserts="0" description="Validate module file.Module should validate OK">
                <results>
                  <test-case description="Should import OK" name="Validate module file.Module should validate OK.Should import OK" time="0.2051" asserts="0" success="True" result="Success" executed="True" />
                </results>
              </test-suite>
            </results>
          </test-suite>
          <test-suite type="TestFixture" name="Install script execution validation" executed="True" result="Success" success="True" time="75.6618" asserts="0" description="Install script execution validation">
            <results>
              <test-suite type="TestFixture" name="Install script execution validation.Validate Install-Defaults.ps1." executed="True" result="Success" success="True" time="73.6251" asserts="0" description="Install script execution validation.Validate Install-Defaults.ps1.">
                <results>
                  <test-case description="Install-Defaults.ps1 should execute OK" name="Install script execution validation.Validate Install-Defaults.ps1..Install-Defaults.ps1 should execute OK" time="73.6188" asserts="0" success="True" result="Success" executed="True" />
                </results>
              </test-suite>
            </results>
          </test-suite>
          <test-suite type="TestFixture" name="Feature update script copy works" executed="True" result="Success" success="True" time="75.7098" asserts="0" description="Feature update script copy works">
            <results>
              <test-suite type="TestFixture" name="Feature update script copy works.Target directory exists" executed="True" result="Success" success="True" time="0.042" asserts="0" description="Feature update script copy works.Target directory exists">
                <results>
                  <test-case description="FeatureUpdates should exist" name="Feature update script copy works.Target directory exists.FeatureUpdates should exist" time="0.0372" asserts="0" success="True" result="Success" executed="True" />
                </results>
              </test-suite>
            </results>
          </test-suite>
          <test-suite type="TestFixture" name="Remove-AppxApps script execution validation" executed="True" result="Success" success="True" time="83.7097" asserts="0" description="Remove-AppxApps script execution validation">
            <results>
              <test-suite type="TestFixture" name="Remove-AppxApps script execution validation.Validate Remove-AppxApps.ps1." executed="True" result="Success" success="True" time="7.9931" asserts="0" description="Remove-AppxApps script execution validation.Validate Remove-AppxApps.ps1.">
                <results>
                  <test-case description="Remove-AppxApps.ps1 should execute OK" name="Remove-AppxApps script execution validation.Validate Remove-AppxApps.ps1..Remove-AppxApps.ps1 should execute OK" time="7.9883" asserts="0" success="True" result="Success" executed="True" />
                </results>
              </test-suite>
            </results>
          </test-suite>
          <test-suite type="TestFixture" name="Uninstall script execution validation" executed="True" result="Success" success="True" time="83.7377" asserts="0" description="Uninstall script execution validation">
            <results>
              <test-suite type="TestFixture" name="Uninstall script execution validation.Validate Remove-Defaults.ps1." executed="True" result="Success" success="True" time="0.0211" asserts="0" description="Uninstall script execution validation.Validate Remove-Defaults.ps1.">
                <results>
                  <test-case description="Remove-Defaults.ps1 should execute OK" name="Uninstall script execution validation.Validate Remove-Defaults.ps1..Remove-Defaults.ps1 should execute OK" time="0.0167" asserts="0" success="True" result="Success" executed="True" />
                </results>
              </test-suite>
            </results>
          </test-suite>
        </results>
      </test-suite>
    </results>
  </test-suite>
</test-results>