<?xml version="1.0" encoding="utf-8" standalone="no"?>
<test-results xmlns:xsi="http://www.w3.org/2001/XMLSchema-instance" xsi:noNamespaceSchemaLocation="nunit_schema_2.5.xsd" name="Pester" total="35" errors="0" failures="0" not-run="0" inconclusive="0" ignored="0" skipped="0" invalid="0" date="2022-11-30" time="23:05:27">
  <environment clr-version="4.0.30319.42000" user-domain="fv-az89-344" cwd="D:\a\image-customise\image-customise" platform="Microsoft Windows Server 2022 Datacenter|C:\Windows|\Device\Harddisk0\Partition2" machine-name="fv-az89-344" nunit-version="2.5.8.0" os-version="10.0.20348" user="runneradmin" />
  <culture-info current-culture="en-US" current-uiculture="en-US" />
  <test-suite type="TestFixture" name="Pester" executed="True" result="Success" success="True" time="110.9731" asserts="0" description="Pester">
    <results>
      <test-suite type="TestFixture" name="D:\a\image-customise\image-customise\tests\Main.Tests.ps1" executed="True" result="Success" success="True" time="110.9731" asserts="0" description="D:\a\image-customise\image-customise\tests\Main.Tests.ps1">
        <results>
          <test-suite type="TestFixture" name="General project validation" executed="True" result="Success" success="True" time="2.2599" asserts="0" description="General project validation">
            <results>
              <test-suite type="TestFixture" name="General project validation.Project should validate OK" executed="True" result="Success" success="True" time="2.0554" asserts="0" description="General project validation.Project should validate OK">
                <results>
                  <test-suite type="ParameterizedTest" name="General project validation.Project should validate OK.Script &lt;file.Name&gt; should exist" executed="True" result="Success" success="True" time="1.1315" asserts="0" description="Script &lt;file.Name&gt; should exist">
                    <results>
                      <test-case description="Script Install-Defaults.ps1 should exist" name="General project validation.Project should validate OK.Script Install-Defaults.ps1 should exist" time="1.1126" asserts="0" success="True" result="Success" executed="True" />
                      <test-case description="Script Install-Defaults.psm1 should exist" name="General project validation.Project should validate OK.Script Install-Defaults.psm1 should exist" time="0.0069" asserts="0" success="True" result="Success" executed="True" />
                      <test-case description="Script Remove-AppxApps.ps1 should exist" name="General project validation.Project should validate OK.Script Remove-AppxApps.ps1 should exist" time="0.0065" asserts="0" success="True" result="Success" executed="True" />
                      <test-case description="Script Remove-Defaults.ps1 should exist" name="General project validation.Project should validate OK.Script Remove-Defaults.ps1 should exist" time="0.0055" asserts="0" success="True" result="Success" executed="True" />
                    </results>
                  </test-suite>
                  <test-suite type="ParameterizedTest" name="General project validation.Project should validate OK.Script &lt;file.Name&gt; should be valid PowerShell" executed="True" result="Success" success="True" time="0.3731" asserts="0" description="Script &lt;file.Name&gt; should be valid PowerShell">
                    <results>
                      <test-case description="Script Install-Defaults.ps1 should be valid PowerShell" name="General project validation.Project should validate OK.Script Install-Defaults.ps1 should be valid PowerShell" time="0.3403" asserts="0" success="True" result="Success" executed="True" />
                      <test-case description="Script Install-Defaults.psm1 should be valid PowerShell" name="General project validation.Project should validate OK.Script Install-Defaults.psm1 should be valid PowerShell" time="0.0134" asserts="0" success="True" result="Success" executed="True" />
                      <test-case description="Script Remove-AppxApps.ps1 should be valid PowerShell" name="General project validation.Project should validate OK.Script Remove-AppxApps.ps1 should be valid PowerShell" time="0.0091" asserts="0" success="True" result="Success" executed="True" />
                      <test-case description="Script Remove-Defaults.ps1 should be valid PowerShell" name="General project validation.Project should validate OK.Script Remove-Defaults.ps1 should be valid PowerShell" time="0.0102" asserts="0" success="True" result="Success" executed="True" />
                    </results>
                  </test-suite>
                </results>
              </test-suite>
            </results>
          </test-suite>
          <test-suite type="TestFixture" name="General project validation" executed="True" result="Success" success="True" time="2.3386" asserts="0" description="General project validation">
            <results>
              <test-suite type="TestFixture" name="General project validation.Project should validate OK" executed="True" result="Success" success="True" time="0.0716" asserts="0" description="General project validation.Project should validate OK">
                <results>
                  <test-suite type="ParameterizedTest" name="General project validation.Project should validate OK.Script &lt;file.Name&gt; should exist" executed="True" result="Success" success="True" time="0.0222" asserts="0" description="Script &lt;file.Name&gt; should exist">
                    <results>
                      <test-case description="Script Install-Defaults.ps1 should exist" name="General project validation.Project should validate OK.Script Install-Defaults.ps1 should exist" time="0.0054" asserts="0" success="True" result="Success" executed="True" />
                      <test-case description="Script Install-Defaults.psm1 should exist" name="General project validation.Project should validate OK.Script Install-Defaults.psm1 should exist" time="0.0057" asserts="0" success="True" result="Success" executed="True" />
                      <test-case description="Script Remove-AppxApps.ps1 should exist" name="General project validation.Project should validate OK.Script Remove-AppxApps.ps1 should exist" time="0.0054" asserts="0" success="True" result="Success" executed="True" />
                      <test-case description="Script Remove-Defaults.ps1 should exist" name="General project validation.Project should validate OK.Script Remove-Defaults.ps1 should exist" time="0.0058" asserts="0" success="True" result="Success" executed="True" />
                    </results>
                  </test-suite>
                  <test-suite type="ParameterizedTest" name="General project validation.Project should validate OK.Script &lt;file.Name&gt; should be valid PowerShell" executed="True" result="Success" success="True" time="0.0415" asserts="0" description="Script &lt;file.Name&gt; should be valid PowerShell">
                    <results>
                      <test-case description="Script Install-Defaults.ps1 should be valid PowerShell" name="General project validation.Project should validate OK.Script Install-Defaults.ps1 should be valid PowerShell" time="0.0124" asserts="0" success="True" result="Success" executed="True" />
                      <test-case description="Script Install-Defaults.psm1 should be valid PowerShell" name="General project validation.Project should validate OK.Script Install-Defaults.psm1 should be valid PowerShell" time="0.0128" asserts="0" success="True" result="Success" executed="True" />
                      <test-case description="Script Remove-AppxApps.ps1 should be valid PowerShell" name="General project validation.Project should validate OK.Script Remove-AppxApps.ps1 should be valid PowerShell" time="0.0092" asserts="0" success="True" result="Success" executed="True" />
                      <test-case description="Script Remove-Defaults.ps1 should be valid PowerShell" name="General project validation.Project should validate OK.Script Remove-Defaults.ps1 should be valid PowerShell" time="0.007" asserts="0" success="True" result="Success" executed="True" />
                    </results>
                  </test-suite>
                </results>
              </test-suite>
            </results>
          </test-suite>
          <test-suite type="TestFixture" name="General project validation" executed="True" result="Success" success="True" time="2.4284" asserts="0" description="General project validation">
            <results>
              <test-suite type="TestFixture" name="General project validation.Project should validate OK" executed="True" result="Success" success="True" time="0.0821" asserts="0" description="General project validation.Project should validate OK">
                <results>
                  <test-suite type="ParameterizedTest" name="General project validation.Project should validate OK.Script &lt;file.Name&gt; should exist" executed="True" result="Success" success="True" time="0.022" asserts="0" description="Script &lt;file.Name&gt; should exist">
                    <results>
                      <test-case description="Script Install-Defaults.ps1 should exist" name="General project validation.Project should validate OK.Script Install-Defaults.ps1 should exist" time="0.0054" asserts="0" success="True" result="Success" executed="True" />
                      <test-case description="Script Install-Defaults.psm1 should exist" name="General project validation.Project should validate OK.Script Install-Defaults.psm1 should exist" time="0.0055" asserts="0" success="True" result="Success" executed="True" />
                      <test-case description="Script Remove-AppxApps.ps1 should exist" name="General project validation.Project should validate OK.Script Remove-AppxApps.ps1 should exist" time="0.0054" asserts="0" success="True" result="Success" executed="True" />
                      <test-case description="Script Remove-Defaults.ps1 should exist" name="General project validation.Project should validate OK.Script Remove-Defaults.ps1 should exist" time="0.0056" asserts="0" success="True" result="Success" executed="True" />
                    </results>
                  </test-suite>
                  <test-suite type="ParameterizedTest" name="General project validation.Project should validate OK.Script &lt;file.Name&gt; should be valid PowerShell" executed="True" result="Success" success="True" time="0.0511" asserts="0" description="Script &lt;file.Name&gt; should be valid PowerShell">
                    <results>
                      <test-case description="Script Install-Defaults.ps1 should be valid PowerShell" name="General project validation.Project should validate OK.Script Install-Defaults.ps1 should be valid PowerShell" time="0.0133" asserts="0" success="True" result="Success" executed="True" />
                      <test-case description="Script Install-Defaults.psm1 should be valid PowerShell" name="General project validation.Project should validate OK.Script Install-Defaults.psm1 should be valid PowerShell" time="0.0177" asserts="0" success="True" result="Success" executed="True" />
                      <test-case description="Script Remove-AppxApps.ps1 should be valid PowerShell" name="General project validation.Project should validate OK.Script Remove-AppxApps.ps1 should be valid PowerShell" time="0.0121" asserts="0" success="True" result="Success" executed="True" />
                      <test-case description="Script Remove-Defaults.ps1 should be valid PowerShell" name="General project validation.Project should validate OK.Script Remove-Defaults.ps1 should be valid PowerShell" time="0.0081" asserts="0" success="True" result="Success" executed="True" />
                    </results>
                  </test-suite>
                </results>
              </test-suite>
            </results>
          </test-suite>
          <test-suite type="TestFixture" name="General project validation" executed="True" result="Success" success="True" time="2.539" asserts="0" description="General project validation">
            <results>
              <test-suite type="TestFixture" name="General project validation.Project should validate OK" executed="True" result="Success" success="True" time="0.1037" asserts="0" description="General project validation.Project should validate OK">
                <results>
                  <test-suite type="ParameterizedTest" name="General project validation.Project should validate OK.Script &lt;file.Name&gt; should exist" executed="True" result="Success" success="True" time="0.0542" asserts="0" description="Script &lt;file.Name&gt; should exist">
                    <results>
                      <test-case description="Script Install-Defaults.ps1 should exist" name="General project validation.Project should validate OK.Script Install-Defaults.ps1 should exist" time="0.0063" asserts="0" success="True" result="Success" executed="True" />
                      <test-case description="Script Install-Defaults.psm1 should exist" name="General project validation.Project should validate OK.Script Install-Defaults.psm1 should exist" time="0.0218" asserts="0" success="True" result="Success" executed="True" />
                      <test-case description="Script Remove-AppxApps.ps1 should exist" name="General project validation.Project should validate OK.Script Remove-AppxApps.ps1 should exist" time="0.008" asserts="0" success="True" result="Success" executed="True" />
                      <test-case description="Script Remove-Defaults.ps1 should exist" name="General project validation.Project should validate OK.Script Remove-Defaults.ps1 should exist" time="0.0181" asserts="0" success="True" result="Success" executed="True" />
                    </results>
                  </test-suite>
                  <test-suite type="ParameterizedTest" name="General project validation.Project should validate OK.Script &lt;file.Name&gt; should be valid PowerShell" executed="True" result="Success" success="True" time="0.0402" asserts="0" description="Script &lt;file.Name&gt; should be valid PowerShell">
                    <results>
                      <test-case description="Script Install-Defaults.ps1 should be valid PowerShell" name="General project validation.Project should validate OK.Script Install-Defaults.ps1 should be valid PowerShell" time="0.0109" asserts="0" success="True" result="Success" executed="True" />
                      <test-case description="Script Install-Defaults.psm1 should be valid PowerShell" name="General project validation.Project should validate OK.Script Install-Defaults.psm1 should be valid PowerShell" time="0.0125" asserts="0" success="True" result="Success" executed="True" />
                      <test-case description="Script Remove-AppxApps.ps1 should be valid PowerShell" name="General project validation.Project should validate OK.Script Remove-AppxApps.ps1 should be valid PowerShell" time="0.0093" asserts="0" success="True" result="Success" executed="True" />
                      <test-case description="Script Remove-Defaults.ps1 should be valid PowerShell" name="General project validation.Project should validate OK.Script Remove-Defaults.ps1 should be valid PowerShell" time="0.0075" asserts="0" success="True" result="Success" executed="True" />
                    </results>
                  </test-suite>
                </results>
              </test-suite>
            </results>
          </test-suite>
          <test-suite type="TestFixture" name="Validate module file" executed="True" result="Success" success="True" time="2.7309" asserts="0" description="Validate module file">
            <results>
              <test-suite type="TestFixture" name="Validate module file.Module should validate OK" executed="True" result="Success" success="True" time="0.1794" asserts="0" description="Validate module file.Module should validate OK">
                <results>
                  <test-case description="Should import OK" name="Validate module file.Module should validate OK.Should import OK" time="0.1725" asserts="0" success="True" result="Success" executed="True" />
                </results>
              </test-suite>
            </results>
          </test-suite>
          <test-suite type="TestFixture" name="Script execution validation" executed="True" result="Success" success="True" time="107.3937" asserts="0" description="Script execution validation">
            <results>
              <test-suite type="TestFixture" name="Script execution validation.Validate Install-Defaults.ps1." executed="True" result="Success" success="True" time="104.6519" asserts="0" description="Script execution validation.Validate Install-Defaults.ps1.">
                <results>
                  <test-case description="Install-Defaults.ps1 should execute OK" name="Script execution validation.Validate Install-Defaults.ps1..Install-Defaults.ps1 should execute OK" time="104.6418" asserts="0" success="True" result="Success" executed="True" />
                </results>
              </test-suite>
            </results>
          </test-suite>
          <test-suite type="TestFixture" name="Feature update script copy works" executed="True" result="Success" success="True" time="107.4714" asserts="0" description="Feature update script copy works">
            <results>
              <test-suite type="TestFixture" name="Feature update script copy works.Target directory exists" executed="True" result="Success" success="True" time="0.069" asserts="0" description="Feature update script copy works.Target directory exists">
                <results>
                  <test-case description="FeatureUpdates should exist" name="Feature update script copy works.Target directory exists.FeatureUpdates should exist" time="0.0623" asserts="0" success="True" result="Success" executed="True" />
                </results>
              </test-suite>
            </results>
          </test-suite>
        </results>
      </test-suite>
    </results>
  </test-suite>
</test-results>